# JRE version: Java(TM) SE Runtime Environment (8.0_291-b10) (build 1.8.0_291-b10)
# Java VM: Java HotSpot(TM) 64-Bit Server VM (25.291-b10 mixed mode windows-amd64 compressed oops)
Heap:
 PSYoungGen      total 960000K, used 798919K [0x0000000715b00000, 0x000000075bc00000, 0x00000007c0000000)
  eden space 894976K, 82% used [0x0000000715b00000,0x00000007427b4540,0x000000074c500000)
  from space 65024K, 99% used [0x0000000757c80000,0x000000075bbfd980,0x000000075bc00000)
  to   space 76288K, 0% used [0x0000000752700000,0x0000000752700000,0x0000000757180000)
 ParOldGen       total 368128K, used 106066K [0x00000005c1000000, 0x00000005d7780000, 0x0000000715b00000)
  object space 368128K, 28% used [0x00000005c1000000,0x00000005c7794b80,0x00000005d7780000)
 Metaspace       used 54031K, capacity 54687K, committed 55128K, reserved 1097728K
  class space    used 7414K, capacity 7645K, committed 7768K, reserved 1048576K
GC Heap History (10 events):
Event: 3.747 GC heap before
{Heap before GC invocations=9 (full 2):
 PSYoungGen      total 452608K, used 452441K [0x0000000715b00000, 0x0000000737f80000, 0x00000007c0000000)
  eden space 438784K, 100% used [0x0000000715b00000,0x0000000730780000,0x0000000730780000)
  from space 13824K, 98% used [0x0000000737200000,0x0000000737f56780,0x0000000737f80000)
  to   space 49664K, 0% used [0x0000000731e80000,0x0000000731e80000,0x0000000734f00000)
 ParOldGen       total 239616K, used 45151K [0x00000005c1000000, 0x00000005cfa00000, 0x0000000715b00000)
  object space 239616K, 18% used [0x00000005c1000000,0x00000005c3c17d50,0x00000005cfa00000)
 Metaspace       used 32269K, capacity 32728K, committed 33024K, reserved 1077248K
  class space    used 4444K, capacity 4607K, committed 4608K, reserved 1048576K
Event: 3.758 GC heap after
Heap after GC invocations=9 (full 2):
 PSYoungGen      total 512000K, used 31911K [0x0000000715b00000, 0x0000000747600000, 0x00000007c0000000)
  eden space 462336K, 0% used [0x0000000715b00000,0x0000000715b00000,0x0000000731e80000)
  from space 49664K, 64% used [0x0000000731e80000,0x0000000733da9f80,0x0000000734f00000)
  to   space 49152K, 0% used [0x0000000744600000,0x0000000744600000,0x0000000747600000)
 ParOldGen       total 239616K, used 45159K [0x00000005c1000000, 0x00000005cfa00000, 0x0000000715b00000)
  object space 239616K, 18% used [0x00000005c1000000,0x00000005c3c19d50,0x00000005cfa00000)
 Metaspace       used 32269K, capacity 32728K, committed 33024K, reserved 1077248K
  class space    used 4444K, capacity 4607K, committed 4608K, reserved 1048576K
}
Event: 4.662 GC heap before
{Heap before GC invocations=10 (full 2):
 PSYoungGen      total 512000K, used 233307K [0x0000000715b00000, 0x0000000747600000, 0x00000007c0000000)
  eden space 462336K, 43% used [0x0000000715b00000,0x0000000721facef8,0x0000000731e80000)
  from space 49664K, 64% used [0x0000000731e80000,0x0000000733da9f80,0x0000000734f00000)
  to   space 49152K, 0% used [0x0000000744600000,0x0000000744600000,0x0000000747600000)
 ParOldGen       total 239616K, used 45159K [0x00000005c1000000, 0x00000005cfa00000, 0x0000000715b00000)
  object space 239616K, 18% used [0x00000005c1000000,0x00000005c3c19d50,0x00000005cfa00000)
 Metaspace       used 36782K, capacity 37097K, committed 37336K, reserved 1081344K
  class space    used 4892K, capacity 5010K, committed 5080K, reserved 1048576K
Event: 4.675 GC heap after
Heap after GC invocations=10 (full 2):
 PSYoungGen      total 763392K, used 36783K [0x0000000715b00000, 0x0000000749180000, 0x00000007c0000000)
  eden space 714240K, 0% used [0x0000000715b00000,0x0000000715b00000,0x0000000741480000)
  from space 49152K, 74% used [0x0000000744600000,0x00000007469ebe20,0x0000000747600000)
  to   space 50688K, 0% used [0x0000000741480000,0x0000000741480000,0x0000000744600000)
 ParOldGen       total 239616K, used 45175K [0x00000005c1000000, 0x00000005cfa00000, 0x0000000715b00000)
  object space 239616K, 18% used [0x00000005c1000000,0x00000005c3c1dd50,0x00000005cfa00000)
 Metaspace       used 36782K, capacity 37097K, committed 37336K, reserved 1081344K
  class space    used 4892K, capacity 5010K, committed 5080K, reserved 1048576K
}
Event: 4.675 GC heap before
{Heap before GC invocations=11 (full 3):
 PSYoungGen      total 763392K, used 36783K [0x0000000715b00000, 0x0000000749180000, 0x00000007c0000000)
  eden space 714240K, 0% used [0x0000000715b00000,0x0000000715b00000,0x0000000741480000)
  from space 49152K, 74% used [0x0000000744600000,0x00000007469ebe20,0x0000000747600000)
  to   space 50688K, 0% used [0x0000000741480000,0x0000000741480000,0x0000000744600000)
 ParOldGen       total 239616K, used 45175K [0x00000005c1000000, 0x00000005cfa00000, 0x0000000715b00000)
  object space 239616K, 18% used [0x00000005c1000000,0x00000005c3c1dd50,0x00000005cfa00000)
 Metaspace       used 36782K, capacity 37097K, committed 37336K, reserved 1081344K
  class space    used 4892K, capacity 5010K, committed 5080K, reserved 1048576K
Event: 4.781 GC heap after
Heap after GC invocations=11 (full 3):
 PSYoungGen      total 763392K, used 0K [0x0000000715b00000, 0x0000000749180000, 0x00000007c0000000)
  eden space 714240K, 0% used [0x0000000715b00000,0x0000000715b00000,0x0000000741480000)
  from space 49152K, 0% used [0x0000000744600000,0x0000000744600000,0x0000000747600000)
  to   space 50688K, 0% used [0x0000000741480000,0x0000000741480000,0x0000000744600000)
 ParOldGen       total 368128K, used 79784K [0x00000005c1000000, 0x00000005d7780000, 0x0000000715b00000)
  object space 368128K, 21% used [0x00000005c1000000,0x00000005c5dea020,0x00000005d7780000)
 Metaspace       used 36782K, capacity 37097K, committed 37336K, reserved 1081344K
  class space    used 4892K, capacity 5010K, committed 5080K, reserved 1048576K
}
Event: 6.785 GC heap before
{Heap before GC invocations=12 (full 3):
 PSYoungGen      total 763392K, used 714240K [0x0000000715b00000, 0x0000000749180000, 0x00000007c0000000)
  eden space 714240K, 100% used [0x0000000715b00000,0x0000000741480000,0x0000000741480000)
  from space 49152K, 0% used [0x0000000744600000,0x0000000744600000,0x0000000747600000)
  to   space 50688K, 0% used [0x0000000741480000,0x0000000741480000,0x0000000744600000)
 ParOldGen       total 368128K, used 79784K [0x00000005c1000000, 0x00000005d7780000, 0x0000000715b00000)
  object space 368128K, 21% used [0x00000005c1000000,0x00000005c5dea020,0x00000005d7780000)
 Metaspace       used 43826K, capacity 44421K, committed 45016K, reserved 1087488K
  class space    used 5824K, capacity 5984K, committed 6104K, reserved 1048576K
Event: 6.821 GC heap after
Heap after GC invocations=12 (full 3):
 PSYoungGen      total 764928K, used 50683K [0x0000000715b00000, 0x000000075bc00000, 0x00000007c0000000)
  eden space 714240K, 0% used [0x0000000715b00000,0x0000000715b00000,0x0000000741480000)
  from space 50688K, 99% used [0x0000000741480000,0x00000007445fec28,0x0000000744600000)
  to   space 65024K, 0% used [0x0000000757c80000,0x0000000757c80000,0x000000075bc00000)
 ParOldGen       total 368128K, used 99039K [0x00000005c1000000, 0x00000005d7780000, 0x0000000715b00000)
  object space 368128K, 26% used [0x00000005c1000000,0x00000005c70b7e88,0x00000005d7780000)
 Metaspace       used 43826K, capacity 44421K, committed 45016K, reserved 1087488K
  class space    used 5824K, capacity 5984K, committed 6104K, reserved 1048576K
}
Event: 7.912 GC heap before
{Heap before GC invocations=13 (full 3):
 PSYoungGen      total 764928K, used 764923K [0x0000000715b00000, 0x000000075bc00000, 0x00000007c0000000)
  eden space 714240K, 100% used [0x0000000715b00000,0x0000000741480000,0x0000000741480000)
  from space 50688K, 99% used [0x0000000741480000,0x00000007445fec28,0x0000000744600000)
  to   space 65024K, 0% used [0x0000000757c80000,0x0000000757c80000,0x000000075bc00000)
 ParOldGen       total 368128K, used 99039K [0x00000005c1000000, 0x00000005d7780000, 0x0000000715b00000)
  object space 368128K, 26% used [0x00000005c1000000,0x00000005c70b7e88,0x00000005d7780000)
 Metaspace       used 49517K, capacity 50121K, committed 50776K, reserved 1093632K
  class space    used 6683K, capacity 6914K, committed 7000K, reserved 1048576K
Event: 7.935 GC heap after
Heap after GC invocations=13 (full 3):
 PSYoungGen      total 960000K, used 65014K [0x0000000715b00000, 0x000000075bc00000, 0x00000007c0000000)
  eden space 894976K, 0% used [0x0000000715b00000,0x0000000715b00000,0x000000074c500000)
  from space 65024K, 99% used [0x0000000757c80000,0x000000075bbfd980,0x000000075bc00000)
  to   space 76288K, 0% used [0x0000000752700000,0x0000000752700000,0x0000000757180000)
 ParOldGen       total 368128K, used 106066K [0x00000005c1000000, 0x00000005d7780000, 0x0000000715b00000)
  object space 368128K, 28% used [0x00000005c1000000,0x00000005c7794b80,0x00000005d7780000)
 Metaspace       used 49517K, capacity 50121K, committed 50776K, reserved 1093632K
  class space    used 6683K, capacity 6914K, committed 7000K, reserved 1048576K
}

