# JRE version: Java(TM) SE Runtime Environment (8.0_291-b10) (build 1.8.0_291-b10)
# Java VM: Java HotSpot(TM) 64-Bit Server VM (25.291-b10 mixed mode windows-amd64 compressed oops)
Heap:
 PSYoungGen      total 951808K, used 839767K [0x0000000715b00000, 0x000000075aa80000, 0x00000007c0000000)
  eden space 886784K, 87% used [0x0000000715b00000,0x0000000744f98c30,0x000000074bd00000)
  from space 65024K, 99% used [0x0000000756b00000,0x000000075aa7d218,0x000000075aa80000)
  to   space 76288K, 0% used [0x0000000751580000,0x0000000751580000,0x0000000756000000)
 ParOldGen       total 370688K, used 104597K [0x00000005c1000000, 0x00000005d7a00000, 0x0000000715b00000)
  object space 370688K, 28% used [0x00000005c1000000,0x00000005c7625468,0x00000005d7a00000)
 Metaspace       used 54044K, capacity 54783K, committed 55256K, reserved 1097728K
  class space    used 7420K, capacity 7676K, committed 7680K, reserved 1048576K
GC Heap History (10 events):
Event: 3.722 GC heap before
{Heap before GC invocations=9 (full 2):
 PSYoungGen      total 448000K, used 447592K [0x0000000715b00000, 0x0000000737f80000, 0x00000007c0000000)
  eden space 434176K, 100% used [0x0000000715b00000,0x0000000730300000,0x0000000730300000)
  from space 13824K, 97% used [0x0000000737200000,0x0000000737f1a2d8,0x0000000737f80000)
  to   space 50176K, 0% used [0x0000000731d80000,0x0000000731d80000,0x0000000734e80000)
 ParOldGen       total 240640K, used 45155K [0x00000005c1000000, 0x00000005cfb00000, 0x0000000715b00000)
  object space 240640K, 18% used [0x00000005c1000000,0x00000005c3c18f10,0x00000005cfb00000)
 Metaspace       used 32109K, capacity 32536K, committed 32768K, reserved 1077248K
  class space    used 4457K, capacity 4606K, committed 4608K, reserved 1048576K
Event: 3.734 GC heap after
Heap after GC invocations=9 (full 2):
 PSYoungGen      total 511488K, used 31651K [0x0000000715b00000, 0x0000000746b00000, 0x00000007c0000000)
  eden space 461312K, 0% used [0x0000000715b00000,0x0000000715b00000,0x0000000731d80000)
  from space 50176K, 63% used [0x0000000731d80000,0x0000000733c68d38,0x0000000734e80000)
  to   space 49152K, 0% used [0x0000000743b00000,0x0000000743b00000,0x0000000746b00000)
 ParOldGen       total 240640K, used 45163K [0x00000005c1000000, 0x00000005cfb00000, 0x0000000715b00000)
  object space 240640K, 18% used [0x00000005c1000000,0x00000005c3c1af10,0x00000005cfb00000)
 Metaspace       used 32109K, capacity 32536K, committed 32768K, reserved 1077248K
  class space    used 4457K, capacity 4606K, committed 4608K, reserved 1048576K
}
Event: 4.635 GC heap before
{Heap before GC invocations=10 (full 2):
 PSYoungGen      total 511488K, used 268885K [0x0000000715b00000, 0x0000000746b00000, 0x00000007c0000000)
  eden space 461312K, 51% used [0x0000000715b00000,0x00000007242ac728,0x0000000731d80000)
  from space 50176K, 63% used [0x0000000731d80000,0x0000000733c68d38,0x0000000734e80000)
  to   space 49152K, 0% used [0x0000000743b00000,0x0000000743b00000,0x0000000746b00000)
 ParOldGen       total 240640K, used 45163K [0x00000005c1000000, 0x00000005cfb00000, 0x0000000715b00000)
  object space 240640K, 18% used [0x00000005c1000000,0x00000005c3c1af10,0x00000005cfb00000)
 Metaspace       used 36643K, capacity 37065K, committed 37336K, reserved 1081344K
  class space    used 4888K, capacity 5041K, committed 5120K, reserved 1048576K
Event: 4.648 GC heap after
Heap after GC invocations=10 (full 2):
 PSYoungGen      total 752128K, used 36419K [0x0000000715b00000, 0x0000000748c80000, 0x00000007c0000000)
  eden space 702976K, 0% used [0x0000000715b00000,0x0000000715b00000,0x0000000740980000)
  from space 49152K, 74% used [0x0000000743b00000,0x0000000745e90d68,0x0000000746b00000)
  to   space 50688K, 0% used [0x0000000740980000,0x0000000740980000,0x0000000743b00000)
 ParOldGen       total 240640K, used 45187K [0x00000005c1000000, 0x00000005cfb00000, 0x0000000715b00000)
  object space 240640K, 18% used [0x00000005c1000000,0x00000005c3c20f10,0x00000005cfb00000)
 Metaspace       used 36643K, capacity 37065K, committed 37336K, reserved 1081344K
  class space    used 4888K, capacity 5041K, committed 5120K, reserved 1048576K
}
Event: 4.648 GC heap before
{Heap before GC invocations=11 (full 3):
 PSYoungGen      total 752128K, used 36419K [0x0000000715b00000, 0x0000000748c80000, 0x00000007c0000000)
  eden space 702976K, 0% used [0x0000000715b00000,0x0000000715b00000,0x0000000740980000)
  from space 49152K, 74% used [0x0000000743b00000,0x0000000745e90d68,0x0000000746b00000)
  to   space 50688K, 0% used [0x0000000740980000,0x0000000740980000,0x0000000743b00000)
 ParOldGen       total 240640K, used 45187K [0x00000005c1000000, 0x00000005cfb00000, 0x0000000715b00000)
  object space 240640K, 18% used [0x00000005c1000000,0x00000005c3c20f10,0x00000005cfb00000)
 Metaspace       used 36643K, capacity 37065K, committed 37336K, reserved 1081344K
  class space    used 4888K, capacity 5041K, committed 5120K, reserved 1048576K
Event: 4.747 GC heap after
Heap after GC invocations=11 (full 3):
 PSYoungGen      total 752128K, used 0K [0x0000000715b00000, 0x0000000748c80000, 0x00000007c0000000)
  eden space 702976K, 0% used [0x0000000715b00000,0x0000000715b00000,0x0000000740980000)
  from space 49152K, 0% used [0x0000000743b00000,0x0000000743b00000,0x0000000746b00000)
  to   space 50688K, 0% used [0x0000000740980000,0x0000000740980000,0x0000000743b00000)
 ParOldGen       total 370688K, used 79479K [0x00000005c1000000, 0x00000005d7a00000, 0x0000000715b00000)
  object space 370688K, 21% used [0x00000005c1000000,0x00000005c5d9dfc8,0x00000005d7a00000)
 Metaspace       used 36643K, capacity 37065K, committed 37336K, reserved 1081344K
  class space    used 4888K, capacity 5041K, committed 5120K, reserved 1048576K
}
Event: 6.877 GC heap before
{Heap before GC invocations=12 (full 3):
 PSYoungGen      total 752128K, used 702976K [0x0000000715b00000, 0x0000000748c80000, 0x00000007c0000000)
  eden space 702976K, 100% used [0x0000000715b00000,0x0000000740980000,0x0000000740980000)
  from space 49152K, 0% used [0x0000000743b00000,0x0000000743b00000,0x0000000746b00000)
  to   space 50688K, 0% used [0x0000000740980000,0x0000000740980000,0x0000000743b00000)
 ParOldGen       total 370688K, used 79479K [0x00000005c1000000, 0x00000005d7a00000, 0x0000000715b00000)
  object space 370688K, 21% used [0x00000005c1000000,0x00000005c5d9dfc8,0x00000005d7a00000)
 Metaspace       used 43552K, capacity 44049K, committed 44376K, reserved 1087488K
  class space    used 5770K, capacity 5943K, committed 6016K, reserved 1048576K
Event: 6.913 GC heap after
Heap after GC invocations=12 (full 3):
 PSYoungGen      total 753664K, used 50686K [0x0000000715b00000, 0x000000075aa80000, 0x00000007c0000000)
  eden space 702976K, 0% used [0x0000000715b00000,0x0000000715b00000,0x0000000740980000)
  from space 50688K, 99% used [0x0000000740980000,0x0000000743affb28,0x0000000743b00000)
  to   space 65024K, 0% used [0x0000000756b00000,0x0000000756b00000,0x000000075aa80000)
 ParOldGen       total 370688K, used 98345K [0x00000005c1000000, 0x00000005d7a00000, 0x0000000715b00000)
  object space 370688K, 26% used [0x00000005c1000000,0x00000005c700a710,0x00000005d7a00000)
 Metaspace       used 43552K, capacity 44049K, committed 44376K, reserved 1087488K
  class space    used 5770K, capacity 5943K, committed 6016K, reserved 1048576K
}
Event: 7.947 GC heap before
{Heap before GC invocations=13 (full 3):
 PSYoungGen      total 753664K, used 753662K [0x0000000715b00000, 0x000000075aa80000, 0x00000007c0000000)
  eden space 702976K, 100% used [0x0000000715b00000,0x0000000740980000,0x0000000740980000)
  from space 50688K, 99% used [0x0000000740980000,0x0000000743affb28,0x0000000743b00000)
  to   space 65024K, 0% used [0x0000000756b00000,0x0000000756b00000,0x000000075aa80000)
 ParOldGen       total 370688K, used 98345K [0x00000005c1000000, 0x00000005d7a00000, 0x0000000715b00000)
  object space 370688K, 26% used [0x00000005c1000000,0x00000005c700a710,0x00000005d7a00000)
 Metaspace       used 49316K, capacity 49883K, committed 50392K, reserved 1093632K
  class space    used 6646K, capacity 6814K, committed 6912K, reserved 1048576K
Event: 7.974 GC heap after
Heap after GC invocations=13 (full 3):
 PSYoungGen      total 951808K, used 65012K [0x0000000715b00000, 0x000000075aa80000, 0x00000007c0000000)
  eden space 886784K, 0% used [0x0000000715b00000,0x0000000715b00000,0x000000074bd00000)
  from space 65024K, 99% used [0x0000000756b00000,0x000000075aa7d218,0x000000075aa80000)
  to   space 76288K, 0% used [0x0000000751580000,0x0000000751580000,0x0000000756000000)
 ParOldGen       total 370688K, used 104597K [0x00000005c1000000, 0x00000005d7a00000, 0x0000000715b00000)
  object space 370688K, 28% used [0x00000005c1000000,0x00000005c7625468,0x00000005d7a00000)
 Metaspace       used 49316K, capacity 49883K, committed 50392K, reserved 1093632K
  class space    used 6646K, capacity 6814K, committed 6912K, reserved 1048576K
}

